# JRE version: Java(TM) SE Runtime Environment 18.9 (11.0.11+9) (build 11.0.11+9-LTS-194)
# Java VM: Java HotSpot(TM) 64-Bit Server VM 18.9 (11.0.11+9-LTS-194, mixed mode, tiered, compressed oops, g1 gc, windows-amd64)
Heap:
 garbage-first heap   total 175104K, used 108009K [0x000000008a200000, 0x0000000100000000)
  region size 1024K, 90 young (92160K), 7 survivors (7168K)
 Metaspace       used 58945K, capacity 60494K, committed 60572K, reserved 1101824K
  class space    used 7769K, capacity 8374K, committed 8392K, reserved 1048576K
GC Heap History (10 events):
Event: 2.871 GC heap before
{Heap before GC invocations=5 (full 0):
 garbage-first heap   total 120832K, used 76480K [0x000000008a200000, 0x0000000100000000)
  region size 1024K, 69 young (70656K), 5 survivors (5120K)
 Metaspace       used 26222K, capacity 27228K, committed 27388K, reserved 1073152K
  class space    used 3138K, capacity 3528K, committed 3580K, reserved 1048576K
}
Event: 2.878 GC heap after
{Heap after GC invocations=6 (full 0):
 garbage-first heap   total 145408K, used 12806K [0x000000008a200000, 0x0000000100000000)
  region size 1024K, 5 young (5120K), 5 survivors (5120K)
 Metaspace       used 26222K, capacity 27228K, committed 27388K, reserved 1073152K
  class space    used 3138K, capacity 3528K, committed 3580K, reserved 1048576K
}
Event: 4.140 GC heap before
{Heap before GC invocations=6 (full 0):
 garbage-first heap   total 145408K, used 94726K [0x000000008a200000, 0x0000000100000000)
  region size 1024K, 85 young (87040K), 5 survivors (5120K)
 Metaspace       used 33185K, capacity 34445K, committed 34684K, reserved 1079296K
  class space    used 4113K, capacity 4640K, committed 4732K, reserved 1048576K
}
Event: 4.149 GC heap after
{Heap after GC invocations=7 (full 0):
 garbage-first heap   total 145408K, used 17209K [0x000000008a200000, 0x0000000100000000)
  region size 1024K, 10 young (10240K), 10 survivors (10240K)
 Metaspace       used 33185K, capacity 34445K, committed 34684K, reserved 1079296K
  class space    used 4113K, capacity 4640K, committed 4732K, reserved 1048576K
}
Event: 4.510 GC heap before
{Heap before GC invocations=7 (full 0):
 garbage-first heap   total 145408K, used 76601K [0x000000008a200000, 0x0000000100000000)
  region size 1024K, 70 young (71680K), 10 survivors (10240K)
 Metaspace       used 34639K, capacity 35968K, committed 36048K, reserved 1081344K
  class space    used 4289K, capacity 4807K, committed 4860K, reserved 1048576K
}
Event: 4.521 GC heap after
{Heap after GC invocations=8 (full 0):
 garbage-first heap   total 145408K, used 17919K [0x000000008a200000, 0x0000000100000000)
  region size 1024K, 7 young (7168K), 7 survivors (7168K)
 Metaspace       used 34639K, capacity 35968K, committed 36048K, reserved 1081344K
  class space    used 4289K, capacity 4807K, committed 4860K, reserved 1048576K
}
Event: 5.642 GC heap before
{Heap before GC invocations=9 (full 0):
 garbage-first heap   total 145408K, used 96767K [0x000000008a200000, 0x0000000100000000)
  region size 1024K, 85 young (87040K), 7 survivors (7168K)
 Metaspace       used 46157K, capacity 47568K, committed 47900K, reserved 1091584K
  class space    used 5824K, capacity 6388K, committed 6472K, reserved 1048576K
}
Event: 5.652 GC heap after
{Heap after GC invocations=10 (full 0):
 garbage-first heap   total 145408K, used 21842K [0x000000008a200000, 0x0000000100000000)
  region size 1024K, 9 young (9216K), 9 survivors (9216K)
 Metaspace       used 46157K, capacity 47568K, committed 47900K, reserved 1091584K
  class space    used 5824K, capacity 6388K, committed 6472K, reserved 1048576K
}
Event: 6.761 GC heap before
{Heap before GC invocations=10 (full 0):
 garbage-first heap   total 145408K, used 99666K [0x000000008a200000, 0x0000000100000000)
  region size 1024K, 85 young (87040K), 9 survivors (9216K)
 Metaspace       used 53861K, capacity 55347K, committed 55580K, reserved 1097728K
  class space    used 6926K, capacity 7481K, committed 7496K, reserved 1048576K
}
Event: 6.772 GC heap after
{Heap after GC invocations=11 (full 0):
 garbage-first heap   total 175104K, used 24041K [0x000000008a200000, 0x0000000100000000)
  region size 1024K, 7 young (7168K), 7 survivors (7168K)
 Metaspace       used 53861K, capacity 55347K, committed 55580K, reserved 1097728K
  class space    used 6926K, capacity 7481K, committed 7496K, reserved 1048576K
}

